<?xml version="1.0" encoding="UTF-8"?>
<testsuite xmlns:xsi="http://www.w3.org/2001/XMLSchema-instance" xsi:noNamespaceSchemaLocation="https://maven.apache.org/surefire/maven-surefire-plugin/xsd/surefire-test-report.xsd" name="TestSuite" time="12.572" tests="3" errors="0" skipped="0" failures="0">
  <properties>
[...]
</properties>
  <testcase name="RegisterAudience" classname="CronberryApiTesting.CronberryApiTesting.BaseClass" time="7.981"/>
  <testcase name="signIn" classname="CronberryApiTesting.CronberryApiTesting.BaseClass" time="0.332"/>
  <testcase name="shouldAnswerWithTrue" classname="CronberryApiTesting.CronberryApiTesting.AppTest" time="0.002"/>
</testsuite>