<?xml version="1.0" encoding="UTF-8"?>
<!-- Generated by org.testng.reporters.JUnitXMLReporter -->
<testsuite ignored="0" hostname="Alcodess-MacBook-Air.local" failures="0" tests="3" name="Test" time="10.488" errors="0" timestamp="2021-08-03T18:29:55 IST">
  <testcase classname="CronberryApiTesting.CronberryApiTesting.BaseClass" name="RegisterAudience" time="7.979"/>
  <testcase classname="CronberryApiTesting.CronberryApiTesting.BaseClass" name="signIn" time="0.333"/>
  <testcase classname="CronberryApiTesting.CronberryApiTesting.AppTest" name="shouldAnswerWithTrue" time="0.003"/>
</testsuite> <!-- Test -->
